<?xml version="1.0" encoding="UTF-8"?>
<testng-results ignored="0" total="1" passed="1" failed="0" skipped="0">
  <reporter-output>
  </reporter-output>
  <suite started-at="2022-11-10T22:53:43 IST" name="Suite" finished-at="2022-11-10T22:53:49 IST" duration-ms="5973">
    <groups>
    </groups>
    <test started-at="2022-11-10T22:53:43 IST" name="Test" finished-at="2022-11-10T22:53:49 IST" duration-ms="5973">
      <class name="swagTestClass.Tc01VerifyaddtoCart">
        <test-method is-config="true" signature="setupmethod(java.lang.String)[pri:0, instance:swagTestClass.Tc01VerifyaddtoCart@ea6147e]" started-at="2022-11-10T22:53:43 IST" name="setupmethod" finished-at="2022-11-10T22:53:48 IST" duration-ms="5196" status="PASS">
          <params>
            <param index="0">
              <value>
                <![CDATA[chrome]]>
              </value>
            </param>
          </params>
          <reporter-output>
          </reporter-output>
        </test-method> <!-- setupmethod -->
        <test-method signature="Addtocartsingle()[pri:0, instance:swagTestClass.Tc01VerifyaddtoCart@ea6147e]" started-at="2022-11-10T22:53:48 IST" name="Addtocartsingle" finished-at="2022-11-10T22:53:48 IST" duration-ms="133" status="PASS">
          <reporter-output>
          </reporter-output>
        </test-method> <!-- Addtocartsingle -->
        <test-method is-config="true" signature="teardown()[pri:0, instance:swagTestClass.Tc01VerifyaddtoCart@ea6147e]" started-at="2022-11-10T22:53:48 IST" name="teardown" finished-at="2022-11-10T22:53:49 IST" duration-ms="605" status="PASS">
          <reporter-output>
          </reporter-output>
        </test-method> <!-- teardown -->
      </class> <!-- swagTestClass.Tc01VerifyaddtoCart -->
    </test> <!-- Test -->
  </suite> <!-- Suite -->
</testng-results>
